(node:8290) [DEP0025] DeprecationWarning: sys is deprecated. Use util instead.
Error: listen EADDRINUSE :::8080
    at Server.setupListenHandle [as _listen2] (net.js:1330:14)
    at listenInCluster (net.js:1378:12)
    at Server.listen (net.js:1466:7)
    at Object.<anonymous> (/var/www/dengivigoda/dengivigoda.store/server.js:8:4)
    at Module._compile (internal/modules/cjs/loader.js:678:30)
    at Object.Module._extensions..js (internal/modules/cjs/loader.js:689:10)
    at Module.load (internal/modules/cjs/loader.js:589:32)
    at tryModuleLoad (internal/modules/cjs/loader.js:528:12)
    at Function.Module._load (internal/modules/cjs/loader.js:520:3)
    at Object.<anonymous> (/var/www/dengivigoda/node_modules/pm2/lib/ProcessContainerFork.js:75:21)
(node:8329) [DEP0025] DeprecationWarning: sys is deprecated. Use util instead.
Error: listen EADDRINUSE :::8080
    at Server.setupListenHandle [as _listen2] (net.js:1330:14)
    at listenInCluster (net.js:1378:12)
    at Server.listen (net.js:1466:7)
    at Object.<anonymous> (/var/www/dengivigoda/dengivigoda.store/server.js:8:4)
    at Module._compile (internal/modules/cjs/loader.js:678:30)
    at Object.Module._extensions..js (internal/modules/cjs/loader.js:689:10)
    at Module.load (internal/modules/cjs/loader.js:589:32)
    at tryModuleLoad (internal/modules/cjs/loader.js:528:12)
    at Function.Module._load (internal/modules/cjs/loader.js:520:3)
    at Object.<anonymous> (/var/www/dengivigoda/node_modules/pm2/lib/ProcessContainerFork.js:75:21)
(node:8337) [DEP0025] DeprecationWarning: sys is deprecated. Use util instead.
Error: listen EADDRINUSE :::8080
    at Server.setupListenHandle [as _listen2] (net.js:1330:14)
    at listenInCluster (net.js:1378:12)
    at Server.listen (net.js:1466:7)
    at Object.<anonymous> (/var/www/dengivigoda/dengivigoda.store/server.js:8:4)
    at Module._compile (internal/modules/cjs/loader.js:678:30)
    at Object.Module._extensions..js (internal/modules/cjs/loader.js:689:10)
    at Module.load (internal/modules/cjs/loader.js:589:32)
    at tryModuleLoad (internal/modules/cjs/loader.js:528:12)
    at Function.Module._load (internal/modules/cjs/loader.js:520:3)
    at Object.<anonymous> (/var/www/dengivigoda/node_modules/pm2/lib/ProcessContainerFork.js:75:21)
(node:8344) [DEP0025] DeprecationWarning: sys is deprecated. Use util instead.
Error: listen EADDRINUSE :::8080
    at Server.setupListenHandle [as _listen2] (net.js:1330:14)
    at listenInCluster (net.js:1378:12)
    at Server.listen (net.js:1466:7)
    at Object.<anonymous> (/var/www/dengivigoda/dengivigoda.store/server.js:8:4)
    at Module._compile (internal/modules/cjs/loader.js:678:30)
    at Object.Module._extensions..js (internal/modules/cjs/loader.js:689:10)
    at Module.load (internal/modules/cjs/loader.js:589:32)
    at tryModuleLoad (internal/modules/cjs/loader.js:528:12)
    at Function.Module._load (internal/modules/cjs/loader.js:520:3)
    at Object.<anonymous> (/var/www/dengivigoda/node_modules/pm2/lib/ProcessContainerFork.js:75:21)
(node:8355) [DEP0025] DeprecationWarning: sys is deprecated. Use util instead.
Error: listen EADDRINUSE :::8080
    at Server.setupListenHandle [as _listen2] (net.js:1330:14)
    at listenInCluster (net.js:1378:12)
    at Server.listen (net.js:1466:7)
    at Object.<anonymous> (/var/www/dengivigoda/dengivigoda.store/server.js:8:4)
    at Module._compile (internal/modules/cjs/loader.js:678:30)
    at Object.Module._extensions..js (internal/modules/cjs/loader.js:689:10)
    at Module.load (internal/modules/cjs/loader.js:589:32)
    at tryModuleLoad (internal/modules/cjs/loader.js:528:12)
    at Function.Module._load (internal/modules/cjs/loader.js:520:3)
    at Object.<anonymous> (/var/www/dengivigoda/node_modules/pm2/lib/ProcessContainerFork.js:75:21)
(node:8362) [DEP0025] DeprecationWarning: sys is deprecated. Use util instead.
Error: listen EADDRINUSE :::8080
    at Server.setupListenHandle [as _listen2] (net.js:1330:14)
    at listenInCluster (net.js:1378:12)
    at Server.listen (net.js:1466:7)
    at Object.<anonymous> (/var/www/dengivigoda/dengivigoda.store/server.js:8:4)
    at Module._compile (internal/modules/cjs/loader.js:678:30)
    at Object.Module._extensions..js (internal/modules/cjs/loader.js:689:10)
    at Module.load (internal/modules/cjs/loader.js:589:32)
    at tryModuleLoad (internal/modules/cjs/loader.js:528:12)
    at Function.Module._load (internal/modules/cjs/loader.js:520:3)
    at Object.<anonymous> (/var/www/dengivigoda/node_modules/pm2/lib/ProcessContainerFork.js:75:21)
(node:8368) [DEP0025] DeprecationWarning: sys is deprecated. Use util instead.
Error: listen EADDRINUSE :::8080
    at Server.setupListenHandle [as _listen2] (net.js:1330:14)
    at listenInCluster (net.js:1378:12)
    at Server.listen (net.js:1466:7)
    at Object.<anonymous> (/var/www/dengivigoda/dengivigoda.store/server.js:8:4)
    at Module._compile (internal/modules/cjs/loader.js:678:30)
    at Object.Module._extensions..js (internal/modules/cjs/loader.js:689:10)
    at Module.load (internal/modules/cjs/loader.js:589:32)
    at tryModuleLoad (internal/modules/cjs/loader.js:528:12)
    at Function.Module._load (internal/modules/cjs/loader.js:520:3)
    at Object.<anonymous> (/var/www/dengivigoda/node_modules/pm2/lib/ProcessContainerFork.js:75:21)
(node:8374) [DEP0025] DeprecationWarning: sys is deprecated. Use util instead.
Error: listen EADDRINUSE :::8080
    at Server.setupListenHandle [as _listen2] (net.js:1330:14)
    at listenInCluster (net.js:1378:12)
    at Server.listen (net.js:1466:7)
    at Object.<anonymous> (/var/www/dengivigoda/dengivigoda.store/server.js:8:4)
    at Module._compile (internal/modules/cjs/loader.js:678:30)
    at Object.Module._extensions..js (internal/modules/cjs/loader.js:689:10)
    at Module.load (internal/modules/cjs/loader.js:589:32)
    at tryModuleLoad (internal/modules/cjs/loader.js:528:12)
    at Function.Module._load (internal/modules/cjs/loader.js:520:3)
    at Object.<anonymous> (/var/www/dengivigoda/node_modules/pm2/lib/ProcessContainerFork.js:75:21)
(node:8380) [DEP0025] DeprecationWarning: sys is deprecated. Use util instead.
Error: listen EADDRINUSE :::8080
    at Server.setupListenHandle [as _listen2] (net.js:1330:14)
    at listenInCluster (net.js:1378:12)
    at Server.listen (net.js:1466:7)
    at Object.<anonymous> (/var/www/dengivigoda/dengivigoda.store/server.js:8:4)
    at Module._compile (internal/modules/cjs/loader.js:678:30)
    at Object.Module._extensions..js (internal/modules/cjs/loader.js:689:10)
    at Module.load (internal/modules/cjs/loader.js:589:32)
    at tryModuleLoad (internal/modules/cjs/loader.js:528:12)
    at Function.Module._load (internal/modules/cjs/loader.js:520:3)
    at Object.<anonymous> (/var/www/dengivigoda/node_modules/pm2/lib/ProcessContainerFork.js:75:21)
(node:8386) [DEP0025] DeprecationWarning: sys is deprecated. Use util instead.
Error: listen EADDRINUSE :::8080
    at Server.setupListenHandle [as _listen2] (net.js:1330:14)
    at listenInCluster (net.js:1378:12)
    at Server.listen (net.js:1466:7)
    at Object.<anonymous> (/var/www/dengivigoda/dengivigoda.store/server.js:8:4)
    at Module._compile (internal/modules/cjs/loader.js:678:30)
    at Object.Module._extensions..js (internal/modules/cjs/loader.js:689:10)
    at Module.load (internal/modules/cjs/loader.js:589:32)
    at tryModuleLoad (internal/modules/cjs/loader.js:528:12)
    at Function.Module._load (internal/modules/cjs/loader.js:520:3)
    at Object.<anonymous> (/var/www/dengivigoda/node_modules/pm2/lib/ProcessContainerFork.js:75:21)
(node:8392) [DEP0025] DeprecationWarning: sys is deprecated. Use util instead.
Error: listen EADDRINUSE :::8080
    at Server.setupListenHandle [as _listen2] (net.js:1330:14)
    at listenInCluster (net.js:1378:12)
    at Server.listen (net.js:1466:7)
    at Object.<anonymous> (/var/www/dengivigoda/dengivigoda.store/server.js:8:4)
    at Module._compile (internal/modules/cjs/loader.js:678:30)
    at Object.Module._extensions..js (internal/modules/cjs/loader.js:689:10)
    at Module.load (internal/modules/cjs/loader.js:589:32)
    at tryModuleLoad (internal/modules/cjs/loader.js:528:12)
    at Function.Module._load (internal/modules/cjs/loader.js:520:3)
    at Object.<anonymous> (/var/www/dengivigoda/node_modules/pm2/lib/ProcessContainerFork.js:75:21)
(node:8398) [DEP0025] DeprecationWarning: sys is deprecated. Use util instead.
Error: listen EADDRINUSE :::8080
    at Server.setupListenHandle [as _listen2] (net.js:1330:14)
    at listenInCluster (net.js:1378:12)
    at Server.listen (net.js:1466:7)
    at Object.<anonymous> (/var/www/dengivigoda/dengivigoda.store/server.js:8:4)
    at Module._compile (internal/modules/cjs/loader.js:678:30)
    at Object.Module._extensions..js (internal/modules/cjs/loader.js:689:10)
    at Module.load (internal/modules/cjs/loader.js:589:32)
    at tryModuleLoad (internal/modules/cjs/loader.js:528:12)
    at Function.Module._load (internal/modules/cjs/loader.js:520:3)
    at Object.<anonymous> (/var/www/dengivigoda/node_modules/pm2/lib/ProcessContainerFork.js:75:21)
(node:8404) [DEP0025] DeprecationWarning: sys is deprecated. Use util instead.
Error: listen EADDRINUSE :::8080
    at Server.setupListenHandle [as _listen2] (net.js:1330:14)
    at listenInCluster (net.js:1378:12)
    at Server.listen (net.js:1466:7)
    at Object.<anonymous> (/var/www/dengivigoda/dengivigoda.store/server.js:8:4)
    at Module._compile (internal/modules/cjs/loader.js:678:30)
    at Object.Module._extensions..js (internal/modules/cjs/loader.js:689:10)
    at Module.load (internal/modules/cjs/loader.js:589:32)
    at tryModuleLoad (internal/modules/cjs/loader.js:528:12)
    at Function.Module._load (internal/modules/cjs/loader.js:520:3)
    at Object.<anonymous> (/var/www/dengivigoda/node_modules/pm2/lib/ProcessContainerFork.js:75:21)
(node:8410) [DEP0025] DeprecationWarning: sys is deprecated. Use util instead.
Error: listen EADDRINUSE :::8080
    at Server.setupListenHandle [as _listen2] (net.js:1330:14)
    at listenInCluster (net.js:1378:12)
    at Server.listen (net.js:1466:7)
    at Object.<anonymous> (/var/www/dengivigoda/dengivigoda.store/server.js:8:4)
    at Module._compile (internal/modules/cjs/loader.js:678:30)
    at Object.Module._extensions..js (internal/modules/cjs/loader.js:689:10)
    at Module.load (internal/modules/cjs/loader.js:589:32)
    at tryModuleLoad (internal/modules/cjs/loader.js:528:12)
    at Function.Module._load (internal/modules/cjs/loader.js:520:3)
    at Object.<anonymous> (/var/www/dengivigoda/node_modules/pm2/lib/ProcessContainerFork.js:75:21)
(node:8416) [DEP0025] DeprecationWarning: sys is deprecated. Use util instead.
Error: listen EADDRINUSE :::8080
    at Server.setupListenHandle [as _listen2] (net.js:1330:14)
    at listenInCluster (net.js:1378:12)
    at Server.listen (net.js:1466:7)
    at Object.<anonymous> (/var/www/dengivigoda/dengivigoda.store/server.js:8:4)
    at Module._compile (internal/modules/cjs/loader.js:678:30)
    at Object.Module._extensions..js (internal/modules/cjs/loader.js:689:10)
    at Module.load (internal/modules/cjs/loader.js:589:32)
    at tryModuleLoad (internal/modules/cjs/loader.js:528:12)
    at Function.Module._load (internal/modules/cjs/loader.js:520:3)
    at Object.<anonymous> (/var/www/dengivigoda/node_modules/pm2/lib/ProcessContainerFork.js:75:21)
(node:8422) [DEP0025] DeprecationWarning: sys is deprecated. Use util instead.
Error: listen EADDRINUSE :::8080
    at Server.setupListenHandle [as _listen2] (net.js:1330:14)
    at listenInCluster (net.js:1378:12)
    at Server.listen (net.js:1466:7)
    at Object.<anonymous> (/var/www/dengivigoda/dengivigoda.store/server.js:8:4)
    at Module._compile (internal/modules/cjs/loader.js:678:30)
    at Object.Module._extensions..js (internal/modules/cjs/loader.js:689:10)
    at Module.load (internal/modules/cjs/loader.js:589:32)
    at tryModuleLoad (internal/modules/cjs/loader.js:528:12)
    at Function.Module._load (internal/modules/cjs/loader.js:520:3)
    at Object.<anonymous> (/var/www/dengivigoda/node_modules/pm2/lib/ProcessContainerFork.js:75:21)
(node:8428) [DEP0025] DeprecationWarning: sys is deprecated. Use util instead.
Error: listen EADDRINUSE :::8080
    at Server.setupListenHandle [as _listen2] (net.js:1330:14)
    at listenInCluster (net.js:1378:12)
    at Server.listen (net.js:1466:7)
    at Object.<anonymous> (/var/www/dengivigoda/dengivigoda.store/server.js:8:4)
    at Module._compile (internal/modules/cjs/loader.js:678:30)
    at Object.Module._extensions..js (internal/modules/cjs/loader.js:689:10)
    at Module.load (internal/modules/cjs/loader.js:589:32)
    at tryModuleLoad (internal/modules/cjs/loader.js:528:12)
    at Function.Module._load (internal/modules/cjs/loader.js:520:3)
    at Object.<anonymous> (/var/www/dengivigoda/node_modules/pm2/lib/ProcessContainerFork.js:75:21)
(node:5220) [DEP0025] DeprecationWarning: sys is deprecated. Use util instead.
Error: listen EADDRINUSE :::8080
    at Server.setupListenHandle [as _listen2] (net.js:1330:14)
    at listenInCluster (net.js:1378:12)
    at Server.listen (net.js:1466:7)
    at Object.<anonymous> (/var/www/dengivigoda/dengivigoda.store/server.js:8:4)
    at Module._compile (internal/modules/cjs/loader.js:678:30)
    at Object.Module._extensions..js (internal/modules/cjs/loader.js:689:10)
    at Module.load (internal/modules/cjs/loader.js:589:32)
    at tryModuleLoad (internal/modules/cjs/loader.js:528:12)
    at Function.Module._load (internal/modules/cjs/loader.js:520:3)
    at Object.<anonymous> (/var/www/dengivigoda/node_modules/pm2/lib/ProcessContainerFork.js:75:21)
(node:5236) [DEP0025] DeprecationWarning: sys is deprecated. Use util instead.
Error: listen EADDRINUSE :::8080
    at Server.setupListenHandle [as _listen2] (net.js:1330:14)
    at listenInCluster (net.js:1378:12)
    at Server.listen (net.js:1466:7)
    at Object.<anonymous> (/var/www/dengivigoda/dengivigoda.store/server.js:8:4)
    at Module._compile (internal/modules/cjs/loader.js:678:30)
    at Object.Module._extensions..js (internal/modules/cjs/loader.js:689:10)
    at Module.load (internal/modules/cjs/loader.js:589:32)
    at tryModuleLoad (internal/modules/cjs/loader.js:528:12)
    at Function.Module._load (internal/modules/cjs/loader.js:520:3)
    at Object.<anonymous> (/var/www/dengivigoda/node_modules/pm2/lib/ProcessContainerFork.js:75:21)
(node:5242) [DEP0025] DeprecationWarning: sys is deprecated. Use util instead.
Error: listen EADDRINUSE :::8080
    at Server.setupListenHandle [as _listen2] (net.js:1330:14)
    at listenInCluster (net.js:1378:12)
    at Server.listen (net.js:1466:7)
    at Object.<anonymous> (/var/www/dengivigoda/dengivigoda.store/server.js:8:4)
    at Module._compile (internal/modules/cjs/loader.js:678:30)
    at Object.Module._extensions..js (internal/modules/cjs/loader.js:689:10)
    at Module.load (internal/modules/cjs/loader.js:589:32)
    at tryModuleLoad (internal/modules/cjs/loader.js:528:12)
    at Function.Module._load (internal/modules/cjs/loader.js:520:3)
    at Object.<anonymous> (/var/www/dengivigoda/node_modules/pm2/lib/ProcessContainerFork.js:75:21)
(node:5248) [DEP0025] DeprecationWarning: sys is deprecated. Use util instead.
Error: listen EADDRINUSE :::8080
    at Server.setupListenHandle [as _listen2] (net.js:1330:14)
    at listenInCluster (net.js:1378:12)
    at Server.listen (net.js:1466:7)
    at Object.<anonymous> (/var/www/dengivigoda/dengivigoda.store/server.js:8:4)
    at Module._compile (internal/modules/cjs/loader.js:678:30)
    at Object.Module._extensions..js (internal/modules/cjs/loader.js:689:10)
    at Module.load (internal/modules/cjs/loader.js:589:32)
    at tryModuleLoad (internal/modules/cjs/loader.js:528:12)
    at Function.Module._load (internal/modules/cjs/loader.js:520:3)
    at Object.<anonymous> (/var/www/dengivigoda/node_modules/pm2/lib/ProcessContainerFork.js:75:21)
(node:5254) [DEP0025] DeprecationWarning: sys is deprecated. Use util instead.
Error: listen EADDRINUSE :::8080
    at Server.setupListenHandle [as _listen2] (net.js:1330:14)
    at listenInCluster (net.js:1378:12)
    at Server.listen (net.js:1466:7)
    at Object.<anonymous> (/var/www/dengivigoda/dengivigoda.store/server.js:8:4)
    at Module._compile (internal/modules/cjs/loader.js:678:30)
    at Object.Module._extensions..js (internal/modules/cjs/loader.js:689:10)
    at Module.load (internal/modules/cjs/loader.js:589:32)
    at tryModuleLoad (internal/modules/cjs/loader.js:528:12)
    at Function.Module._load (internal/modules/cjs/loader.js:520:3)
    at Object.<anonymous> (/var/www/dengivigoda/node_modules/pm2/lib/ProcessContainerFork.js:75:21)
(node:5260) [DEP0025] DeprecationWarning: sys is deprecated. Use util instead.
Error: listen EADDRINUSE :::8080
    at Server.setupListenHandle [as _listen2] (net.js:1330:14)
    at listenInCluster (net.js:1378:12)
    at Server.listen (net.js:1466:7)
    at Object.<anonymous> (/var/www/dengivigoda/dengivigoda.store/server.js:8:4)
    at Module._compile (internal/modules/cjs/loader.js:678:30)
    at Object.Module._extensions..js (internal/modules/cjs/loader.js:689:10)
    at Module.load (internal/modules/cjs/loader.js:589:32)
    at tryModuleLoad (internal/modules/cjs/loader.js:528:12)
    at Function.Module._load (internal/modules/cjs/loader.js:520:3)
    at Object.<anonymous> (/var/www/dengivigoda/node_modules/pm2/lib/ProcessContainerFork.js:75:21)
(node:5266) [DEP0025] DeprecationWarning: sys is deprecated. Use util instead.
Error: listen EADDRINUSE :::8080
    at Server.setupListenHandle [as _listen2] (net.js:1330:14)
    at listenInCluster (net.js:1378:12)
    at Server.listen (net.js:1466:7)
    at Object.<anonymous> (/var/www/dengivigoda/dengivigoda.store/server.js:8:4)
    at Module._compile (internal/modules/cjs/loader.js:678:30)
    at Object.Module._extensions..js (internal/modules/cjs/loader.js:689:10)
    at Module.load (internal/modules/cjs/loader.js:589:32)
    at tryModuleLoad (internal/modules/cjs/loader.js:528:12)
    at Function.Module._load (internal/modules/cjs/loader.js:520:3)
    at Object.<anonymous> (/var/www/dengivigoda/node_modules/pm2/lib/ProcessContainerFork.js:75:21)
(node:5276) [DEP0025] DeprecationWarning: sys is deprecated. Use util instead.
Error: listen EADDRINUSE :::8080
    at Server.setupListenHandle [as _listen2] (net.js:1330:14)
    at listenInCluster (net.js:1378:12)
    at Server.listen (net.js:1466:7)
    at Object.<anonymous> (/var/www/dengivigoda/dengivigoda.store/server.js:8:4)
    at Module._compile (internal/modules/cjs/loader.js:678:30)
    at Object.Module._extensions..js (internal/modules/cjs/loader.js:689:10)
    at Module.load (internal/modules/cjs/loader.js:589:32)
    at tryModuleLoad (internal/modules/cjs/loader.js:528:12)
    at Function.Module._load (internal/modules/cjs/loader.js:520:3)
    at Object.<anonymous> (/var/www/dengivigoda/node_modules/pm2/lib/ProcessContainerFork.js:75:21)
(node:5282) [DEP0025] DeprecationWarning: sys is deprecated. Use util instead.
Error: listen EADDRINUSE :::8080
    at Server.setupListenHandle [as _listen2] (net.js:1330:14)
    at listenInCluster (net.js:1378:12)
    at Server.listen (net.js:1466:7)
    at Object.<anonymous> (/var/www/dengivigoda/dengivigoda.store/server.js:8:4)
    at Module._compile (internal/modules/cjs/loader.js:678:30)
    at Object.Module._extensions..js (internal/modules/cjs/loader.js:689:10)
    at Module.load (internal/modules/cjs/loader.js:589:32)
    at tryModuleLoad (internal/modules/cjs/loader.js:528:12)
    at Function.Module._load (internal/modules/cjs/loader.js:520:3)
    at Object.<anonymous> (/var/www/dengivigoda/node_modules/pm2/lib/ProcessContainerFork.js:75:21)
(node:5288) [DEP0025] DeprecationWarning: sys is deprecated. Use util instead.
Error: listen EADDRINUSE :::8080
    at Server.setupListenHandle [as _listen2] (net.js:1330:14)
    at listenInCluster (net.js:1378:12)
    at Server.listen (net.js:1466:7)
    at Object.<anonymous> (/var/www/dengivigoda/dengivigoda.store/server.js:8:4)
    at Module._compile (internal/modules/cjs/loader.js:678:30)
    at Object.Module._extensions..js (internal/modules/cjs/loader.js:689:10)
    at Module.load (internal/modules/cjs/loader.js:589:32)
    at tryModuleLoad (internal/modules/cjs/loader.js:528:12)
    at Function.Module._load (internal/modules/cjs/loader.js:520:3)
    at Object.<anonymous> (/var/www/dengivigoda/node_modules/pm2/lib/ProcessContainerFork.js:75:21)
(node:5294) [DEP0025] DeprecationWarning: sys is deprecated. Use util instead.
Error: listen EADDRINUSE :::8080
    at Server.setupListenHandle [as _listen2] (net.js:1330:14)
    at listenInCluster (net.js:1378:12)
    at Server.listen (net.js:1466:7)
    at Object.<anonymous> (/var/www/dengivigoda/dengivigoda.store/server.js:8:4)
    at Module._compile (internal/modules/cjs/loader.js:678:30)
    at Object.Module._extensions..js (internal/modules/cjs/loader.js:689:10)
    at Module.load (internal/modules/cjs/loader.js:589:32)
    at tryModuleLoad (internal/modules/cjs/loader.js:528:12)
    at Function.Module._load (internal/modules/cjs/loader.js:520:3)
    at Object.<anonymous> (/var/www/dengivigoda/node_modules/pm2/lib/ProcessContainerFork.js:75:21)
(node:5300) [DEP0025] DeprecationWarning: sys is deprecated. Use util instead.
Error: listen EADDRINUSE :::8080
    at Server.setupListenHandle [as _listen2] (net.js:1330:14)
    at listenInCluster (net.js:1378:12)
    at Server.listen (net.js:1466:7)
    at Object.<anonymous> (/var/www/dengivigoda/dengivigoda.store/server.js:8:4)
    at Module._compile (internal/modules/cjs/loader.js:678:30)
    at Object.Module._extensions..js (internal/modules/cjs/loader.js:689:10)
    at Module.load (internal/modules/cjs/loader.js:589:32)
    at tryModuleLoad (internal/modules/cjs/loader.js:528:12)
    at Function.Module._load (internal/modules/cjs/loader.js:520:3)
    at Object.<anonymous> (/var/www/dengivigoda/node_modules/pm2/lib/ProcessContainerFork.js:75:21)
(node:5306) [DEP0025] DeprecationWarning: sys is deprecated. Use util instead.
Error: listen EADDRINUSE :::8080
    at Server.setupListenHandle [as _listen2] (net.js:1330:14)
    at listenInCluster (net.js:1378:12)
    at Server.listen (net.js:1466:7)
    at Object.<anonymous> (/var/www/dengivigoda/dengivigoda.store/server.js:8:4)
    at Module._compile (internal/modules/cjs/loader.js:678:30)
    at Object.Module._extensions..js (internal/modules/cjs/loader.js:689:10)
    at Module.load (internal/modules/cjs/loader.js:589:32)
    at tryModuleLoad (internal/modules/cjs/loader.js:528:12)
    at Function.Module._load (internal/modules/cjs/loader.js:520:3)
    at Object.<anonymous> (/var/www/dengivigoda/node_modules/pm2/lib/ProcessContainerFork.js:75:21)
(node:5312) [DEP0025] DeprecationWarning: sys is deprecated. Use util instead.
Error: listen EADDRINUSE :::8080
    at Server.setupListenHandle [as _listen2] (net.js:1330:14)
    at listenInCluster (net.js:1378:12)
    at Server.listen (net.js:1466:7)
    at Object.<anonymous> (/var/www/dengivigoda/dengivigoda.store/server.js:8:4)
    at Module._compile (internal/modules/cjs/loader.js:678:30)
    at Object.Module._extensions..js (internal/modules/cjs/loader.js:689:10)
    at Module.load (internal/modules/cjs/loader.js:589:32)
    at tryModuleLoad (internal/modules/cjs/loader.js:528:12)
    at Function.Module._load (internal/modules/cjs/loader.js:520:3)
    at Object.<anonymous> (/var/www/dengivigoda/node_modules/pm2/lib/ProcessContainerFork.js:75:21)
(node:5318) [DEP0025] DeprecationWarning: sys is deprecated. Use util instead.
Error: listen EADDRINUSE :::8080
    at Server.setupListenHandle [as _listen2] (net.js:1330:14)
    at listenInCluster (net.js:1378:12)
    at Server.listen (net.js:1466:7)
    at Object.<anonymous> (/var/www/dengivigoda/dengivigoda.store/server.js:8:4)
    at Module._compile (internal/modules/cjs/loader.js:678:30)
    at Object.Module._extensions..js (internal/modules/cjs/loader.js:689:10)
    at Module.load (internal/modules/cjs/loader.js:589:32)
    at tryModuleLoad (internal/modules/cjs/loader.js:528:12)
    at Function.Module._load (internal/modules/cjs/loader.js:520:3)
    at Object.<anonymous> (/var/www/dengivigoda/node_modules/pm2/lib/ProcessContainerFork.js:75:21)
(node:5324) [DEP0025] DeprecationWarning: sys is deprecated. Use util instead.
Error: listen EADDRINUSE :::8080
    at Server.setupListenHandle [as _listen2] (net.js:1330:14)
    at listenInCluster (net.js:1378:12)
    at Server.listen (net.js:1466:7)
    at Object.<anonymous> (/var/www/dengivigoda/dengivigoda.store/server.js:8:4)
    at Module._compile (internal/modules/cjs/loader.js:678:30)
    at Object.Module._extensions..js (internal/modules/cjs/loader.js:689:10)
    at Module.load (internal/modules/cjs/loader.js:589:32)
    at tryModuleLoad (internal/modules/cjs/loader.js:528:12)
    at Function.Module._load (internal/modules/cjs/loader.js:520:3)
    at Object.<anonymous> (/var/www/dengivigoda/node_modules/pm2/lib/ProcessContainerFork.js:75:21)
(node:22195) [DEP0025] DeprecationWarning: sys is deprecated. Use util instead.
(node:22207) [DEP0025] DeprecationWarning: sys is deprecated. Use util instead.
Error: listen EADDRINUSE :::8080
    at Server.setupListenHandle [as _listen2] (net.js:1330:14)
    at listenInCluster (net.js:1378:12)
    at Server.listen (net.js:1466:7)
    at Object.<anonymous> (/var/www/dengivigoda/dengivigoda.store/server.js:8:4)
    at Module._compile (internal/modules/cjs/loader.js:678:30)
    at Object.Module._extensions..js (internal/modules/cjs/loader.js:689:10)
    at Module.load (internal/modules/cjs/loader.js:589:32)
    at tryModuleLoad (internal/modules/cjs/loader.js:528:12)
    at Function.Module._load (internal/modules/cjs/loader.js:520:3)
    at Object.<anonymous> (/var/www/dengivigoda/node_modules/pm2/lib/ProcessContainerFork.js:75:21)
(node:22213) [DEP0025] DeprecationWarning: sys is deprecated. Use util instead.
Error: listen EADDRINUSE :::8080
    at Server.setupListenHandle [as _listen2] (net.js:1330:14)
    at listenInCluster (net.js:1378:12)
    at Server.listen (net.js:1466:7)
    at Object.<anonymous> (/var/www/dengivigoda/dengivigoda.store/server.js:8:4)
    at Module._compile (internal/modules/cjs/loader.js:678:30)
    at Object.Module._extensions..js (internal/modules/cjs/loader.js:689:10)
    at Module.load (internal/modules/cjs/loader.js:589:32)
    at tryModuleLoad (internal/modules/cjs/loader.js:528:12)
    at Function.Module._load (internal/modules/cjs/loader.js:520:3)
    at Object.<anonymous> (/var/www/dengivigoda/node_modules/pm2/lib/ProcessContainerFork.js:75:21)
(node:22219) [DEP0025] DeprecationWarning: sys is deprecated. Use util instead.
Error: listen EADDRINUSE :::8080
    at Server.setupListenHandle [as _listen2] (net.js:1330:14)
    at listenInCluster (net.js:1378:12)
    at Server.listen (net.js:1466:7)
    at Object.<anonymous> (/var/www/dengivigoda/dengivigoda.store/server.js:8:4)
    at Module._compile (internal/modules/cjs/loader.js:678:30)
    at Object.Module._extensions..js (internal/modules/cjs/loader.js:689:10)
    at Module.load (internal/modules/cjs/loader.js:589:32)
    at tryModuleLoad (internal/modules/cjs/loader.js:528:12)
    at Function.Module._load (internal/modules/cjs/loader.js:520:3)
    at Object.<anonymous> (/var/www/dengivigoda/node_modules/pm2/lib/ProcessContainerFork.js:75:21)
(node:22225) [DEP0025] DeprecationWarning: sys is deprecated. Use util instead.
Error: listen EADDRINUSE :::8080
    at Server.setupListenHandle [as _listen2] (net.js:1330:14)
    at listenInCluster (net.js:1378:12)
    at Server.listen (net.js:1466:7)
    at Object.<anonymous> (/var/www/dengivigoda/dengivigoda.store/server.js:8:4)
    at Module._compile (internal/modules/cjs/loader.js:678:30)
    at Object.Module._extensions..js (internal/modules/cjs/loader.js:689:10)
    at Module.load (internal/modules/cjs/loader.js:589:32)
    at tryModuleLoad (internal/modules/cjs/loader.js:528:12)
    at Function.Module._load (internal/modules/cjs/loader.js:520:3)
    at Object.<anonymous> (/var/www/dengivigoda/node_modules/pm2/lib/ProcessContainerFork.js:75:21)
(node:22231) [DEP0025] DeprecationWarning: sys is deprecated. Use util instead.
Error: listen EADDRINUSE :::8080
    at Server.setupListenHandle [as _listen2] (net.js:1330:14)
    at listenInCluster (net.js:1378:12)
    at Server.listen (net.js:1466:7)
    at Object.<anonymous> (/var/www/dengivigoda/dengivigoda.store/server.js:8:4)
    at Module._compile (internal/modules/cjs/loader.js:678:30)
    at Object.Module._extensions..js (internal/modules/cjs/loader.js:689:10)
    at Module.load (internal/modules/cjs/loader.js:589:32)
    at tryModuleLoad (internal/modules/cjs/loader.js:528:12)
    at Function.Module._load (internal/modules/cjs/loader.js:520:3)
    at Object.<anonymous> (/var/www/dengivigoda/node_modules/pm2/lib/ProcessContainerFork.js:75:21)
(node:22237) [DEP0025] DeprecationWarning: sys is deprecated. Use util instead.
Error: listen EADDRINUSE :::8080
    at Server.setupListenHandle [as _listen2] (net.js:1330:14)
    at listenInCluster (net.js:1378:12)
    at Server.listen (net.js:1466:7)
    at Object.<anonymous> (/var/www/dengivigoda/dengivigoda.store/server.js:8:4)
    at Module._compile (internal/modules/cjs/loader.js:678:30)
    at Object.Module._extensions..js (internal/modules/cjs/loader.js:689:10)
    at Module.load (internal/modules/cjs/loader.js:589:32)
    at tryModuleLoad (internal/modules/cjs/loader.js:528:12)
    at Function.Module._load (internal/modules/cjs/loader.js:520:3)
    at Object.<anonymous> (/var/www/dengivigoda/node_modules/pm2/lib/ProcessContainerFork.js:75:21)
(node:22243) [DEP0025] DeprecationWarning: sys is deprecated. Use util instead.
Error: listen EADDRINUSE :::8080
    at Server.setupListenHandle [as _listen2] (net.js:1330:14)
    at listenInCluster (net.js:1378:12)
    at Server.listen (net.js:1466:7)
    at Object.<anonymous> (/var/www/dengivigoda/dengivigoda.store/server.js:8:4)
    at Module._compile (internal/modules/cjs/loader.js:678:30)
    at Object.Module._extensions..js (internal/modules/cjs/loader.js:689:10)
    at Module.load (internal/modules/cjs/loader.js:589:32)
    at tryModuleLoad (internal/modules/cjs/loader.js:528:12)
    at Function.Module._load (internal/modules/cjs/loader.js:520:3)
    at Object.<anonymous> (/var/www/dengivigoda/node_modules/pm2/lib/ProcessContainerFork.js:75:21)
(node:22249) [DEP0025] DeprecationWarning: sys is deprecated. Use util instead.
Error: listen EADDRINUSE :::8080
    at Server.setupListenHandle [as _listen2] (net.js:1330:14)
    at listenInCluster (net.js:1378:12)
    at Server.listen (net.js:1466:7)
    at Object.<anonymous> (/var/www/dengivigoda/dengivigoda.store/server.js:8:4)
    at Module._compile (internal/modules/cjs/loader.js:678:30)
    at Object.Module._extensions..js (internal/modules/cjs/loader.js:689:10)
    at Module.load (internal/modules/cjs/loader.js:589:32)
    at tryModuleLoad (internal/modules/cjs/loader.js:528:12)
    at Function.Module._load (internal/modules/cjs/loader.js:520:3)
    at Object.<anonymous> (/var/www/dengivigoda/node_modules/pm2/lib/ProcessContainerFork.js:75:21)
(node:22255) [DEP0025] DeprecationWarning: sys is deprecated. Use util instead.
Error: listen EADDRINUSE :::8080
    at Server.setupListenHandle [as _listen2] (net.js:1330:14)
    at listenInCluster (net.js:1378:12)
    at Server.listen (net.js:1466:7)
    at Object.<anonymous> (/var/www/dengivigoda/dengivigoda.store/server.js:8:4)
    at Module._compile (internal/modules/cjs/loader.js:678:30)
    at Object.Module._extensions..js (internal/modules/cjs/loader.js:689:10)
    at Module.load (internal/modules/cjs/loader.js:589:32)
    at tryModuleLoad (internal/modules/cjs/loader.js:528:12)
    at Function.Module._load (internal/modules/cjs/loader.js:520:3)
    at Object.<anonymous> (/var/www/dengivigoda/node_modules/pm2/lib/ProcessContainerFork.js:75:21)
(node:22261) [DEP0025] DeprecationWarning: sys is deprecated. Use util instead.
Error: listen EADDRINUSE :::8080
    at Server.setupListenHandle [as _listen2] (net.js:1330:14)
    at listenInCluster (net.js:1378:12)
    at Server.listen (net.js:1466:7)
    at Object.<anonymous> (/var/www/dengivigoda/dengivigoda.store/server.js:8:4)
    at Module._compile (internal/modules/cjs/loader.js:678:30)
    at Object.Module._extensions..js (internal/modules/cjs/loader.js:689:10)
    at Module.load (internal/modules/cjs/loader.js:589:32)
    at tryModuleLoad (internal/modules/cjs/loader.js:528:12)
    at Function.Module._load (internal/modules/cjs/loader.js:520:3)
    at Object.<anonymous> (/var/www/dengivigoda/node_modules/pm2/lib/ProcessContainerFork.js:75:21)
(node:22267) [DEP0025] DeprecationWarning: sys is deprecated. Use util instead.
Error: listen EADDRINUSE :::8080
    at Server.setupListenHandle [as _listen2] (net.js:1330:14)
    at listenInCluster (net.js:1378:12)
    at Server.listen (net.js:1466:7)
    at Object.<anonymous> (/var/www/dengivigoda/dengivigoda.store/server.js:8:4)
    at Module._compile (internal/modules/cjs/loader.js:678:30)
    at Object.Module._extensions..js (internal/modules/cjs/loader.js:689:10)
    at Module.load (internal/modules/cjs/loader.js:589:32)
    at tryModuleLoad (internal/modules/cjs/loader.js:528:12)
    at Function.Module._load (internal/modules/cjs/loader.js:520:3)
    at Object.<anonymous> (/var/www/dengivigoda/node_modules/pm2/lib/ProcessContainerFork.js:75:21)
(node:22273) [DEP0025] DeprecationWarning: sys is deprecated. Use util instead.
Error: listen EADDRINUSE :::8080
    at Server.setupListenHandle [as _listen2] (net.js:1330:14)
    at listenInCluster (net.js:1378:12)
    at Server.listen (net.js:1466:7)
    at Object.<anonymous> (/var/www/dengivigoda/dengivigoda.store/server.js:8:4)
    at Module._compile (internal/modules/cjs/loader.js:678:30)
    at Object.Module._extensions..js (internal/modules/cjs/loader.js:689:10)
    at Module.load (internal/modules/cjs/loader.js:589:32)
    at tryModuleLoad (internal/modules/cjs/loader.js:528:12)
    at Function.Module._load (internal/modules/cjs/loader.js:520:3)
    at Object.<anonymous> (/var/www/dengivigoda/node_modules/pm2/lib/ProcessContainerFork.js:75:21)
(node:22279) [DEP0025] DeprecationWarning: sys is deprecated. Use util instead.
Error: listen EADDRINUSE :::8080
    at Server.setupListenHandle [as _listen2] (net.js:1330:14)
    at listenInCluster (net.js:1378:12)
    at Server.listen (net.js:1466:7)
    at Object.<anonymous> (/var/www/dengivigoda/dengivigoda.store/server.js:8:4)
    at Module._compile (internal/modules/cjs/loader.js:678:30)
    at Object.Module._extensions..js (internal/modules/cjs/loader.js:689:10)
    at Module.load (internal/modules/cjs/loader.js:589:32)
    at tryModuleLoad (internal/modules/cjs/loader.js:528:12)
    at Function.Module._load (internal/modules/cjs/loader.js:520:3)
    at Object.<anonymous> (/var/www/dengivigoda/node_modules/pm2/lib/ProcessContainerFork.js:75:21)
(node:22285) [DEP0025] DeprecationWarning: sys is deprecated. Use util instead.
Error: listen EADDRINUSE :::8080
    at Server.setupListenHandle [as _listen2] (net.js:1330:14)
    at listenInCluster (net.js:1378:12)
    at Server.listen (net.js:1466:7)
    at Object.<anonymous> (/var/www/dengivigoda/dengivigoda.store/server.js:8:4)
    at Module._compile (internal/modules/cjs/loader.js:678:30)
    at Object.Module._extensions..js (internal/modules/cjs/loader.js:689:10)
    at Module.load (internal/modules/cjs/loader.js:589:32)
    at tryModuleLoad (internal/modules/cjs/loader.js:528:12)
    at Function.Module._load (internal/modules/cjs/loader.js:520:3)
    at Object.<anonymous> (/var/www/dengivigoda/node_modules/pm2/lib/ProcessContainerFork.js:75:21)
(node:22291) [DEP0025] DeprecationWarning: sys is deprecated. Use util instead.
Error: listen EADDRINUSE :::8080
    at Server.setupListenHandle [as _listen2] (net.js:1330:14)
    at listenInCluster (net.js:1378:12)
    at Server.listen (net.js:1466:7)
    at Object.<anonymous> (/var/www/dengivigoda/dengivigoda.store/server.js:8:4)
    at Module._compile (internal/modules/cjs/loader.js:678:30)
    at Object.Module._extensions..js (internal/modules/cjs/loader.js:689:10)
    at Module.load (internal/modules/cjs/loader.js:589:32)
    at tryModuleLoad (internal/modules/cjs/loader.js:528:12)
    at Function.Module._load (internal/modules/cjs/loader.js:520:3)
    at Object.<anonymous> (/var/www/dengivigoda/node_modules/pm2/lib/ProcessContainerFork.js:75:21)
